22:54:03  INFO      ============================================================
22:54:03  INFO      stoX — Phase 3: Alignment layer
22:54:03  INFO      ============================================================
22:54:03  INFO      
[1/3] Building CSE trading calendar ...
22:54:03  INFO      Building CSE trading calendar from price data ...
22:54:03  INFO        Trading calendar: 3,565 days | 2011-01-03 to 2025-12-31 | avg SL20 active: 18.8/20
22:54:03  WARNING   Largest gap in trading calendar: 52 days before 2020-05-11. Possibly a market closure period (e.g. Easter 2020 or 2022 crisis).
22:54:03  INFO        Year 2011: 239 trading days
22:54:03  INFO        Year 2012: 242 trading days
22:54:03  INFO        Year 2013: 242 trading days
22:54:03  INFO        Year 2014: 241 trading days
22:54:03  INFO        Year 2015: 239 trading days
22:54:03  INFO        Year 2016: 240 trading days
22:54:03  INFO        Year 2017: 241 trading days
22:54:03  INFO        Year 2018: 240 trading days
22:54:03  INFO        Year 2019: 241 trading days
22:54:03  INFO        Year 2020: 209 trading days
22:54:03  INFO        Year 2021: 240 trading days
22:54:03  INFO        Year 2022: 231 trading days
22:54:03  INFO        Year 2023: 242 trading days
22:54:03  INFO        Year 2024: 240 trading days
22:54:03  INFO        Year 2025: 238 trading days
22:54:03  INFO      
[2/3] Assembling daily panel ...
22:54:03  INFO      Building daily panel: 20 tickers × 3,565 trading days = 71,300 rows
22:54:03  INFO        Base panel: 71,300 rows
22:54:04  INFO        Prices joined: 4,172 rows with missing close (5.9%) — days ticker didn't trade
22:54:04  INFO        Market context joined: 0 rows with missing aspi
22:54:04  INFO        CBSL joined: usd_lkr null=0
22:54:04  INFO        FRED joined: oil_wti null=0
22:54:04  INFO        GDP joined (12-month lag): 4,780 rows without GDP data (expected ~5200 rows for first year)
22:54:04  INFO        Split label counts (unique trading days):
22:54:04  INFO          train :  2614 days
22:54:04  INFO          val   :   231 days
22:54:04  INFO          test  :   720 days
22:54:05  WARNING   Tickers with <95% close coverage:
ticker
AEL     0.916971
BUKI    0.878541
CARG    0.899299
CCS     0.913043
LION    0.801122
MELS    0.588499
22:54:05  INFO        GDP staleness: no negative values — look-ahead check OK
22:54:05  INFO      Panel validated: 71,300 rows | 85 columns | splits: {'train': 52280, 'test': 14400, 'val': 4620}
22:54:05  INFO      
[3/3] Saving ...
22:54:05  INFO      
============================================================
22:54:05  INFO      Done.  D:\stox\ml\data\aligned\sl20_daily_panel.parquet
22:54:05  INFO        Rows    : 71,300
22:54:05  INFO        Columns : 85
22:54:05  INFO        Size    : 7.9 MB
22:54:05  INFO        Splits  : {'test': 720, 'train': 2614, 'val': 231}
22:54:05  INFO        Columns : ['date', 'ticker', 'open', 'high', 'low', 'close', 'adj_close', 'volume', 'turnover', 'trades', 'daily_return', 'ohlc_inconsistent', 'suspicious_move', 'aspi', 'mpi', 'sl20_index', 'sector_bfi', 'sector_bft', 'sector_cp', 'sector_ce', 'sector_div', 'sector_ft', 'sector_hlt', 'sector_ht', 'sector_inv', 'sector_it', 'sector_lp', 'sector_mfg', 'sector_mtr', 'sector_oil', 'sector_plt', 'sector_pe', 'sector_srv', 'sector_ss', 'sector_tel', 'sector_trd', 'astri', 'mtri', 'sl20_tri', 'tri_bfi', 'tri_bft', 'tri_cp', 'tri_ce', 'tri_div', 'tri_ft', 'tri_hlt', 'tri_ht', 'tri_inv', 'tri_it', 'tri_lp', 'tri_mfg', 'tri_mtr', 'tri_oil', 'tri_plt', 'tri_pe', 'tri_srv', 'tri_ss', 'tri_tel', 'tri_trd', 'market_per', 'market_pbv', 'market_dy', 'equity_turnover_mn', 'debt_corp_000', 'debt_govt_000', 'funds_turnover_000', 'shares_traded_000', 'trades_equity', 'market_cap_mn', 'usd_lkr', 'sdf_rate', 'slf_rate', 'policy_rate_mid', 'oil_wti', 'sp500', 'vix', 'us_10y_yield', 'dxy', 'gold', 'gdp_growth_pct', 'gdp_constant_usd', 'inflation_pct', 'unemployment_pct', 'gdp_days_stale', 'split']
22:54:05  INFO      ============================================================
